2024-04-08 13:41:34
New connection from 127.0.0.1:55612 -- /root/clh/Demos/WebServer/WebServer-master/WebServer/Server.cpp:51
2024-04-08 13:41:34
Request: GET /helloWorld HTTP/1.1
Host: 192.168.52.135:8888
Content-Type: application/x-www-form-urlencoded
Connection: Keep-Alive

 -- /root/clh/Demos/WebServer/WebServer-master/WebServer/HttpData.cpp:173
2024-04-08 13:44:00
New connection from 127.0.0.1:52202 -- /root/clh/Demos/WebServer/WebServer-master/WebServer/Server.cpp:51
2024-04-08 13:44:00
Request:   -- /root/clh/Demos/WebServer/WebServer-master/WebServer/HttpData.cpp:173
2024-04-08 13:44:00
FD = 14, ****** -- /root/clh/Demos/WebServer/WebServer-master/WebServer/HttpData.cpp:215
2024-04-08 13:47:26
New connection from 127.0.0.1:60760 -- /root/clh/Demos/WebServer/WebServer-master/WebServer/Server.cpp:51
2024-04-08 13:47:26
Request:   -- /root/clh/Demos/WebServer/WebServer-master/WebServer/HttpData.cpp:173
2024-04-08 13:47:26
FD = 14, ****** -- /root/clh/Demos/WebServer/WebServer-master/WebServer/HttpData.cpp:215
2024-04-08 13:47:28
New connection from 127.0.0.1:60766 -- /root/clh/Demos/WebServer/WebServer-master/WebServer/Server.cpp:51
2024-04-08 13:47:28
Request: GET /hello.html HTTP/1.1 -- /root/clh/Demos/WebServer/WebServer-master/WebServer/HttpData.cpp:173
2024-04-08 13:47:29
Request: GET /hello.html HTTP/1.1 -- /root/clh/Demos/WebServer/WebServer-master/WebServer/HttpData.cpp:173
2024-04-08 13:47:30
New connection from 127.0.0.1:60774 -- /root/clh/Demos/WebServer/WebServer-master/WebServer/Server.cpp:51
2024-04-08 13:47:30
Request: GET /helloWorld HTTP/1.1
Host: 192.168.52.135:8888
Content-Type: application/x-www-form-urlencoded
Connection: Keep-Alive

 -- /root/clh/Demos/WebServer/WebServer-master/WebServer/HttpData.cpp:173
